g:\bns_client_proj\bns\tools\aimodule\consoleapplication1\x64\debug\vc141.pdb
g:\bns_client_proj\bns\tools\aimodule\consoleapplication1\x64\debug\vc141.idb
g:\bns_client_proj\bns\tools\aimodule\consoleapplication1\x64\debug\btdecorator.obj
g:\bns_client_proj\bns\tools\aimodule\consoleapplication1\x64\debug\btcompositenode.obj
g:\bns_client_proj\bns\tools\aimodule\consoleapplication1\x64\debug\btauxiliarynode.obj
g:\bns_client_proj\bns\tools\aimodule\consoleapplication1\x64\debug\tdrtypeutil.obj
g:\bns_client_proj\bns\tools\aimodule\consoleapplication1\x64\debug\tdrtime.obj
g:\bns_client_proj\bns\tools\aimodule\consoleapplication1\x64\debug\tdrthirdparty.obj
g:\bns_client_proj\bns\tools\aimodule\consoleapplication1\x64\debug\tdrreflection.obj
g:\bns_client_proj\bns\tools\aimodule\consoleapplication1\x64\debug\tdrpal.obj
g:\bns_client_proj\bns\tools\aimodule\consoleapplication1\x64\debug\tdrerror.obj
g:\bns_client_proj\bns\tools\aimodule\consoleapplication1\x64\debug\tdrbufutil.obj
g:\bns_client_proj\bns\tools\aimodule\consoleapplication1\x64\debug\tdrbuf.obj
g:\bns_client_proj\bns\tools\aimodule\consoleapplication1\x64\debug\blackboard.obj
g:\bns_client_proj\bns\tools\aimodule\consoleapplication1\x64\debug\bbdata.obj
g:\bns_client_proj\bns\tools\aimodule\consoleapplication1\x64\debug\blackboardcomponent.obj
g:\bns_client_proj\bns\tools\aimodule\consoleapplication1\x64\debug\behaviortreetypes.obj
g:\bns_client_proj\bns\tools\aimodule\consoleapplication1\x64\debug\behaviortreecomponent.obj
g:\bns_client_proj\bns\tools\aimodule\consoleapplication1\x64\debug\behaviortree.obj
g:\bns_client_proj\bns\tools\aimodule\consoleapplication1\x64\debug\aimessagetypes.obj
g:\bns_client_proj\bns\tools\aimodule\consoleapplication1\x64\debug\ue4actoragent.obj
g:\bns_client_proj\bns\tools\aimodule\consoleapplication1\x64\debug\bttask_movetoflee.obj
g:\bns_client_proj\bns\tools\aimodule\consoleapplication1\x64\debug\bttask_attacktarget.obj
g:\bns_client_proj\bns\tools\aimodule\consoleapplication1\x64\debug\btservice_serverincrease.obj
g:\bns_client_proj\bns\tools\aimodule\consoleapplication1\x64\debug\btservice_searchtarget.obj
g:\bns_client_proj\bns\tools\aimodule\consoleapplication1\x64\debug\btservice_outoftracerangesettinghome.obj
g:\bns_client_proj\bns\tools\aimodule\consoleapplication1\x64\debug\btservice_outofactiverangesettinghome.obj
g:\bns_client_proj\bns\tools\aimodule\consoleapplication1\x64\debug\btservice_assessandadjusttarget.obj
g:\bns_client_proj\bns\tools\aimodule\consoleapplication1\x64\debug\btservice_accessandflee.obj
g:\bns_client_proj\bns\tools\aimodule\consoleapplication1\x64\debug\btservice_accessandexitflee.obj
g:\bns_client_proj\bns\tools\aimodule\consoleapplication1\x64\debug\btdecorator_timelimit.obj
g:\bns_client_proj\bns\tools\aimodule\consoleapplication1\x64\debug\btdecorator_loop.obj
g:\bns_client_proj\bns\tools\aimodule\consoleapplication1\x64\debug\btdecorator_cooldown.obj
g:\bns_client_proj\bns\tools\aimodule\consoleapplication1\x64\debug\btdecorator_conditionalloop.obj
g:\bns_client_proj\bns\tools\aimodule\consoleapplication1\x64\debug\btdecorator_blackboardbase.obj
g:\bns_client_proj\bns\tools\aimodule\consoleapplication1\x64\debug\btdecorator_blackboard.obj
g:\bns_client_proj\bns\tools\aimodule\consoleapplication1\x64\debug\btcomposite_sequence.obj
g:\bns_client_proj\bns\tools\aimodule\consoleapplication1\x64\debug\btcomposite_selector.obj
g:\bns_client_proj\bns\tools\aimodule\consoleapplication1\x64\debug\bttasknode.obj
g:\bns_client_proj\bns\tools\aimodule\consoleapplication1\x64\debug\btservice.obj
g:\bns_client_proj\bns\tools\aimodule\consoleapplication1\x64\debug\btnode.obj
g:\bns_client_proj\bns\tools\aimodule\consoleapplication1\x64\debug\stdafx.obj
g:\bns_client_proj\bns\tools\aimodule\consoleapplication1\x64\debug\mydelegate.obj
g:\bns_client_proj\bns\tools\aimodule\consoleapplication1\x64\debug\consoleapplication1.obj
g:\bns_client_proj\bns\tools\aimodule\consoleapplication1\x64\debug\bttask_waitblackboardtime.obj
g:\bns_client_proj\bns\tools\aimodule\consoleapplication1\x64\debug\bttask_wait.obj
g:\bns_client_proj\bns\tools\aimodule\consoleapplication1\x64\debug\bttask_talk.obj
g:\bns_client_proj\bns\tools\aimodule\consoleapplication1\x64\debug\bttask_serversetintbb.obj
g:\bns_client_proj\bns\tools\aimodule\consoleapplication1\x64\debug\bttask_movetotarget.obj
g:\bns_client_proj\bns\tools\aimodule\consoleapplication1\x64\debug\bttask_movetopatrol.obj
g:\bns_client_proj\bns\tools\aimodule\consoleapplication1\x64\debug\bttask_movetohome.obj
g:\bns_client_proj\bns\tools\aimodule\consoleapplication1\x64\debug\consolea.9f4edbde.tlog\cl.command.1.tlog
g:\bns_client_proj\bns\tools\aimodule\consoleapplication1\x64\debug\consolea.9f4edbde.tlog\cl.read.1.tlog
g:\bns_client_proj\bns\tools\aimodule\consoleapplication1\x64\debug\consolea.9f4edbde.tlog\cl.write.1.tlog
