This file contains any messages produced by compilers while
running configure, to aid debugging if configure makes a mistake.

It was created by CUnit configure 2.1-0, which was
generated by GNU Autoconf 2.59.  Invocation command line was

  $ ./configure 

## --------- ##
## Platform. ##
## --------- ##

hostname = xlp
uname -m = i686
uname -r = 2.6.24-28-generic
uname -s = Linux
uname -v = #1 SMP Fri Jun 18 12:02:15 UTC 2010

/usr/bin/uname -p = unknown
/bin/uname -X     = unknown

/bin/arch              = unknown
/usr/bin/arch -k       = unknown
/usr/convex/getsysinfo = unknown
hostinfo               = unknown
/bin/machine           = unknown
/usr/bin/oslevel       = unknown
/bin/universe          = unknown

PATH: /usr/local/sbin
PATH: /usr/local/bin
PATH: /usr/sbin
PATH: /usr/bin
PATH: /sbin
PATH: /bin
PATH: /usr/games
PATH: /home/xlp/blackfin/blackfin_toolchain/opt/uClinux/bfin-linux-uclibc/bin
PATH: /home/xlp/blackfin/blackfin_toolchain/opt/uClinux/bfin-uclinux/bin
PATH: /home/xlp/usr/gcc-4.0.1-glibc-2.3.5/arm-unknown-linux-gnu/bin
PATH: /home/xlp/str8132/CNS100-LSDK-7.8.2/CNS2100-LSDK-7.8.2/tools/arm-uclibc-3.4.6/bin
PATH: /home/xlp/eclipse/
PATH: /home/xlp/treo650Linux/gcc-4.1.0-glibc-2.3.2/arm-xscale-linux-gnu/bin/


## ----------- ##
## Core tests. ##
## ----------- ##

configure:1556: checking for a BSD-compatible install
configure:1611: result: /usr/bin/install -c
configure:1622: checking whether build environment is sane
configure:1665: result: yes
configure:1689: WARNING: `missing' script is too old or missing
configure:1730: checking for gawk
configure:1746: found /usr/bin/gawk
configure:1756: result: gawk
configure:1766: checking whether make sets $(MAKE)
configure:1786: result: yes
configure:2225: checking for gcc
configure:2241: found /usr/bin/gcc
configure:2251: result: gcc
configure:2495: checking for C compiler version
configure:2498: gcc --version </dev/null >&5
gcc (GCC) 4.2.4 (Ubuntu 4.2.4-1ubuntu4)
Copyright (C) 2007 Free Software Foundation, Inc.
This is free software; see the source for copying conditions.  There is NO
warranty; not even for MERCHANTABILITY or FITNESS FOR A PARTICULAR PURPOSE.

configure:2501: $? = 0
configure:2503: gcc -v </dev/null >&5
Using built-in specs.
Target: i486-linux-gnu
Configured with: ../src/configure -v --enable-languages=c,c++,fortran,objc,obj-c++,treelang --prefix=/usr --enable-shared --with-system-zlib --libexecdir=/usr/lib --without-included-gettext --enable-threads=posix --enable-nls --with-gxx-include-dir=/usr/include/c++/4.2 --program-suffix=-4.2 --enable-clocale=gnu --enable-libstdcxx-debug --enable-objc-gc --enable-mpfr --enable-targets=all --enable-checking=release --build=i486-linux-gnu --host=i486-linux-gnu --target=i486-linux-gnu
Thread model: posix
gcc version 4.2.4 (Ubuntu 4.2.4-1ubuntu4)
configure:2506: $? = 0
configure:2508: gcc -V </dev/null >&5
gcc: '-V' option must have argument
configure:2511: $? = 1
configure:2534: checking for C compiler default output file name
configure:2537: gcc  -DRELEASE=@RELEASE@ -Wall -W -pedantic -Wshadow -ansi -I/mnt/work/trunk/deps/CUnit/CUnit/Headers   -L/mnt/work/trunk/deps/CUnit/CUnit/Sources conftest.c  >&5
configure:2540: $? = 0
configure:2586: result: a.out
configure:2591: checking whether the C compiler works
configure:2597: ./a.out
configure:2600: $? = 0
configure:2617: result: yes
configure:2624: checking whether we are cross compiling
configure:2626: result: no
configure:2629: checking for suffix of executables
configure:2631: gcc -o conftest  -DRELEASE=@RELEASE@ -Wall -W -pedantic -Wshadow -ansi -I/mnt/work/trunk/deps/CUnit/CUnit/Headers   -L/mnt/work/trunk/deps/CUnit/CUnit/Sources conftest.c  >&5
configure:2634: $? = 0
configure:2659: result: 
configure:2665: checking for suffix of object files
configure:2686: gcc -c  -DRELEASE=@RELEASE@ -Wall -W -pedantic -Wshadow -ansi -I/mnt/work/trunk/deps/CUnit/CUnit/Headers  conftest.c >&5
configure:2689: $? = 0
configure:2711: result: o
configure:2715: checking whether we are using the GNU C compiler
configure:2739: gcc -c  -DRELEASE=@RELEASE@ -Wall -W -pedantic -Wshadow -ansi -I/mnt/work/trunk/deps/CUnit/CUnit/Headers  conftest.c >&5
configure:2745: $? = 0
configure:2749: test -z 
			 || test ! -s conftest.err
configure:2752: $? = 0
configure:2755: test -s conftest.o
configure:2758: $? = 0
configure:2771: result: yes
configure:2777: checking whether gcc accepts -g
configure:2798: gcc -c -g  conftest.c >&5
configure:2804: $? = 0
configure:2808: test -z 
			 || test ! -s conftest.err
configure:2811: $? = 0
configure:2814: test -s conftest.o
configure:2817: $? = 0
configure:2828: result: yes
configure:2845: checking for gcc option to accept ANSI C
configure:2915: gcc  -c  -DRELEASE=@RELEASE@ -Wall -W -pedantic -Wshadow -ansi -I/mnt/work/trunk/deps/CUnit/CUnit/Headers  conftest.c >&5
configure:2921: $? = 0
configure:2925: test -z 
			 || test ! -s conftest.err
configure:2928: $? = 0
configure:2931: test -s conftest.o
configure:2934: $? = 0
configure:2952: result: none needed
configure:2970: gcc -c  -DRELEASE=@RELEASE@ -Wall -W -pedantic -Wshadow -ansi -I/mnt/work/trunk/deps/CUnit/CUnit/Headers  conftest.c >&5
conftest.c:2: error: expected '=', ',', ';', 'asm' or '__attribute__' before 'me'
configure:2976: $? = 1
configure: failed program was:
| #ifndef __cplusplus
|   choke me
| #endif
configure:3120: checking for style of include used by make
configure:3148: result: GNU
configure:3176: checking dependency style of gcc
configure:3266: result: gcc3
configure:3296: checking for a BSD-compatible install
configure:3351: result: /usr/bin/install -c
configure:3362: checking whether make sets $(MAKE)
configure:3382: result: yes
configure:3469: checking build system type
configure:3487: result: i686-pc-linux-gnu
configure:3495: checking host system type
configure:3509: result: i686-pc-linux-gnu
configure:3517: checking for a sed that does not truncate output
configure:3571: result: /bin/sed
configure:3574: checking for egrep
configure:3584: result: grep -E
configure:3600: checking for ld used by gcc
configure:3667: result: /usr/bin/ld
configure:3676: checking if the linker (/usr/bin/ld) is GNU ld
configure:3691: result: yes
configure:3696: checking for /usr/bin/ld option to reload object files
configure:3703: result: -r
configure:3721: checking for BSD-compatible nm
configure:3763: result: /usr/bin/nm -B
configure:3767: checking whether ln -s works
configure:3771: result: yes
configure:3778: checking how to recognise dependent libraries
configure:3950: result: pass_all
configure:4164: checking how to run the C preprocessor
configure:4199: gcc -E  conftest.c
configure:4205: $? = 0
configure:4237: gcc -E  conftest.c
conftest.c:11:28: error: ac_nonexistent.h: No such file or directory
configure:4243: $? = 1
configure: failed program was:
| /* confdefs.h.  */
| 
| #define PACKAGE_NAME "CUnit"
| #define PACKAGE_TARNAME "cunit"
| #define PACKAGE_VERSION "2.1-0"
| #define PACKAGE_STRING "CUnit 2.1-0"
| #define PACKAGE_BUGREPORT ""
| #define PACKAGE "CUnit"
| #define VERSION "2.1-0"
| /* end confdefs.h.  */
| #include <ac_nonexistent.h>
configure:4282: result: gcc -E
configure:4306: gcc -E  conftest.c
configure:4312: $? = 0
configure:4344: gcc -E  conftest.c
conftest.c:11:28: error: ac_nonexistent.h: No such file or directory
configure:4350: $? = 1
configure: failed program was:
| /* confdefs.h.  */
| 
| #define PACKAGE_NAME "CUnit"
| #define PACKAGE_TARNAME "cunit"
| #define PACKAGE_VERSION "2.1-0"
| #define PACKAGE_STRING "CUnit 2.1-0"
| #define PACKAGE_BUGREPORT ""
| #define PACKAGE "CUnit"
| #define VERSION "2.1-0"
| /* end confdefs.h.  */
| #include <ac_nonexistent.h>
configure:4394: checking for ANSI C header files
configure:4419: gcc -c  -DRELEASE=@RELEASE@ -Wall -W -pedantic -Wshadow -ansi -I/mnt/work/trunk/deps/CUnit/CUnit/Headers  conftest.c >&5
configure:4425: $? = 0
configure:4429: test -z 
			 || test ! -s conftest.err
configure:4432: $? = 0
configure:4435: test -s conftest.o
configure:4438: $? = 0
configure:4527: gcc -o conftest  -DRELEASE=@RELEASE@ -Wall -W -pedantic -Wshadow -ansi -I/mnt/work/trunk/deps/CUnit/CUnit/Headers   -L/mnt/work/trunk/deps/CUnit/CUnit/Sources conftest.c  >&5
conftest.c: In function 'main':
conftest.c:28: warning: implicit declaration of function 'exit'
conftest.c:28: warning: incompatible implicit declaration of built-in function 'exit'
configure:4530: $? = 0
configure:4532: ./conftest
configure:4535: $? = 0
configure:4550: result: yes
configure:4574: checking for sys/types.h
configure:4590: gcc -c  -DRELEASE=@RELEASE@ -Wall -W -pedantic -Wshadow -ansi -I/mnt/work/trunk/deps/CUnit/CUnit/Headers  conftest.c >&5
configure:4596: $? = 0
configure:4600: test -z 
			 || test ! -s conftest.err
configure:4603: $? = 0
configure:4606: test -s conftest.o
configure:4609: $? = 0
configure:4620: result: yes
configure:4574: checking for sys/stat.h
configure:4590: gcc -c  -DRELEASE=@RELEASE@ -Wall -W -pedantic -Wshadow -ansi -I/mnt/work/trunk/deps/CUnit/CUnit/Headers  conftest.c >&5
configure:4596: $? = 0
configure:4600: test -z 
			 || test ! -s conftest.err
configure:4603: $? = 0
configure:4606: test -s conftest.o
configure:4609: $? = 0
configure:4620: result: yes
configure:4574: checking for stdlib.h
configure:4590: gcc -c  -DRELEASE=@RELEASE@ -Wall -W -pedantic -Wshadow -ansi -I/mnt/work/trunk/deps/CUnit/CUnit/Headers  conftest.c >&5
configure:4596: $? = 0
configure:4600: test -z 
			 || test ! -s conftest.err
configure:4603: $? = 0
configure:4606: test -s conftest.o
configure:4609: $? = 0
configure:4620: result: yes
configure:4574: checking for string.h
configure:4590: gcc -c  -DRELEASE=@RELEASE@ -Wall -W -pedantic -Wshadow -ansi -I/mnt/work/trunk/deps/CUnit/CUnit/Headers  conftest.c >&5
configure:4596: $? = 0
configure:4600: test -z 
			 || test ! -s conftest.err
configure:4603: $? = 0
configure:4606: test -s conftest.o
configure:4609: $? = 0
configure:4620: result: yes
configure:4574: checking for memory.h
configure:4590: gcc -c  -DRELEASE=@RELEASE@ -Wall -W -pedantic -Wshadow -ansi -I/mnt/work/trunk/deps/CUnit/CUnit/Headers  conftest.c >&5
configure:4596: $? = 0
configure:4600: test -z 
			 || test ! -s conftest.err
configure:4603: $? = 0
configure:4606: test -s conftest.o
configure:4609: $? = 0
configure:4620: result: yes
configure:4574: checking for strings.h
configure:4590: gcc -c  -DRELEASE=@RELEASE@ -Wall -W -pedantic -Wshadow -ansi -I/mnt/work/trunk/deps/CUnit/CUnit/Headers  conftest.c >&5
configure:4596: $? = 0
configure:4600: test -z 
			 || test ! -s conftest.err
configure:4603: $? = 0
configure:4606: test -s conftest.o
configure:4609: $? = 0
configure:4620: result: yes
configure:4574: checking for inttypes.h
configure:4590: gcc -c  -DRELEASE=@RELEASE@ -Wall -W -pedantic -Wshadow -ansi -I/mnt/work/trunk/deps/CUnit/CUnit/Headers  conftest.c >&5
configure:4596: $? = 0
configure:4600: test -z 
			 || test ! -s conftest.err
configure:4603: $? = 0
configure:4606: test -s conftest.o
configure:4609: $? = 0
configure:4620: result: yes
configure:4574: checking for stdint.h
configure:4590: gcc -c  -DRELEASE=@RELEASE@ -Wall -W -pedantic -Wshadow -ansi -I/mnt/work/trunk/deps/CUnit/CUnit/Headers  conftest.c >&5
configure:4596: $? = 0
configure:4600: test -z 
			 || test ! -s conftest.err
configure:4603: $? = 0
configure:4606: test -s conftest.o
configure:4609: $? = 0
configure:4620: result: yes
configure:4574: checking for unistd.h
configure:4590: gcc -c  -DRELEASE=@RELEASE@ -Wall -W -pedantic -Wshadow -ansi -I/mnt/work/trunk/deps/CUnit/CUnit/Headers  conftest.c >&5
configure:4596: $? = 0
configure:4600: test -z 
			 || test ! -s conftest.err
configure:4603: $? = 0
configure:4606: test -s conftest.o
configure:4609: $? = 0
configure:4620: result: yes
configure:4646: checking dlfcn.h usability
configure:4658: gcc -c  -DRELEASE=@RELEASE@ -Wall -W -pedantic -Wshadow -ansi -I/mnt/work/trunk/deps/CUnit/CUnit/Headers  conftest.c >&5
configure:4664: $? = 0
configure:4668: test -z 
			 || test ! -s conftest.err
configure:4671: $? = 0
configure:4674: test -s conftest.o
configure:4677: $? = 0
configure:4687: result: yes
configure:4691: checking dlfcn.h presence
configure:4701: gcc -E  conftest.c
configure:4707: $? = 0
configure:4727: result: yes
configure:4762: checking for dlfcn.h
configure:4769: result: yes
configure:4834: checking for g++
configure:4850: found /usr/bin/g++
configure:4860: result: g++
configure:4876: checking for C++ compiler version
configure:4879: g++ --version </dev/null >&5
g++ (GCC) 4.2.4 (Ubuntu 4.2.4-1ubuntu4)
Copyright (C) 2007 Free Software Foundation, Inc.
This is free software; see the source for copying conditions.  There is NO
warranty; not even for MERCHANTABILITY or FITNESS FOR A PARTICULAR PURPOSE.

configure:4882: $? = 0
configure:4884: g++ -v </dev/null >&5
Using built-in specs.
Target: i486-linux-gnu
Configured with: ../src/configure -v --enable-languages=c,c++,fortran,objc,obj-c++,treelang --prefix=/usr --enable-shared --with-system-zlib --libexecdir=/usr/lib --without-included-gettext --enable-threads=posix --enable-nls --with-gxx-include-dir=/usr/include/c++/4.2 --program-suffix=-4.2 --enable-clocale=gnu --enable-libstdcxx-debug --enable-objc-gc --enable-mpfr --enable-targets=all --enable-checking=release --build=i486-linux-gnu --host=i486-linux-gnu --target=i486-linux-gnu
Thread model: posix
gcc version 4.2.4 (Ubuntu 4.2.4-1ubuntu4)
configure:4887: $? = 0
configure:4889: g++ -V </dev/null >&5
g++: '-V' option must have argument
configure:4892: $? = 1
configure:4895: checking whether we are using the GNU C++ compiler
configure:4919: g++ -c   conftest.cc >&5
configure:4925: $? = 0
configure:4929: test -z 
			 || test ! -s conftest.err
configure:4932: $? = 0
configure:4935: test -s conftest.o
configure:4938: $? = 0
configure:4951: result: yes
configure:4957: checking whether g++ accepts -g
configure:4978: g++ -c -g  conftest.cc >&5
configure:4984: $? = 0
configure:4988: test -z 
			 || test ! -s conftest.err
configure:4991: $? = 0
configure:4994: test -s conftest.o
configure:4997: $? = 0
configure:5008: result: yes
configure:5050: g++ -c -g -O2  conftest.cc >&5
configure:5056: $? = 0
configure:5060: test -z 
			 || test ! -s conftest.err
configure:5063: $? = 0
configure:5066: test -s conftest.o
configure:5069: $? = 0
configure:5095: g++ -c -g -O2  conftest.cc >&5
conftest.cc: In function 'int main()':
conftest.cc:26: error: 'exit' was not declared in this scope
configure:5101: $? = 1
configure: failed program was:
| /* confdefs.h.  */
| 
| #define PACKAGE_NAME "CUnit"
| #define PACKAGE_TARNAME "cunit"
| #define PACKAGE_VERSION "2.1-0"
| #define PACKAGE_STRING "CUnit 2.1-0"
| #define PACKAGE_BUGREPORT ""
| #define PACKAGE "CUnit"
| #define VERSION "2.1-0"
| #define STDC_HEADERS 1
| #define HAVE_SYS_TYPES_H 1
| #define HAVE_SYS_STAT_H 1
| #define HAVE_STDLIB_H 1
| #define HAVE_STRING_H 1
| #define HAVE_MEMORY_H 1
| #define HAVE_STRINGS_H 1
| #define HAVE_INTTYPES_H 1
| #define HAVE_STDINT_H 1
| #define HAVE_UNISTD_H 1
| #define HAVE_DLFCN_H 1
| /* end confdefs.h.  */
| 
| int
| main ()
| {
| exit (42);
|   ;
|   return 0;
| }
configure:5050: g++ -c -g -O2  conftest.cc >&5
conftest.cc:22: error: 'void std::exit(int)' should have been declared inside 'std'
configure:5056: $? = 1
configure: failed program was:
| /* confdefs.h.  */
| 
| #define PACKAGE_NAME "CUnit"
| #define PACKAGE_TARNAME "cunit"
| #define PACKAGE_VERSION "2.1-0"
| #define PACKAGE_STRING "CUnit 2.1-0"
| #define PACKAGE_BUGREPORT ""
| #define PACKAGE "CUnit"
| #define VERSION "2.1-0"
| #define STDC_HEADERS 1
| #define HAVE_SYS_TYPES_H 1
| #define HAVE_SYS_STAT_H 1
| #define HAVE_STDLIB_H 1
| #define HAVE_STRING_H 1
| #define HAVE_MEMORY_H 1
| #define HAVE_STRINGS_H 1
| #define HAVE_INTTYPES_H 1
| #define HAVE_STDINT_H 1
| #define HAVE_UNISTD_H 1
| #define HAVE_DLFCN_H 1
| /* end confdefs.h.  */
| extern "C" void std::exit (int) throw (); using std::exit;
| #include <stdlib.h>
| int
| main ()
| {
| exit (42);
|   ;
|   return 0;
| }
configure:5050: g++ -c -g -O2  conftest.cc >&5
conftest.cc:22: error: 'void std::exit(int)' should have been declared inside 'std'
In file included from conftest.cc:23:
/usr/include/stdlib.h:531: error: declaration of 'void std::exit(int) throw ()' throws different exceptions
conftest.cc:22: error: from previous declaration 'void std::exit(int)'
configure:5056: $? = 1
configure: failed program was:
| /* confdefs.h.  */
| 
| #define PACKAGE_NAME "CUnit"
| #define PACKAGE_TARNAME "cunit"
| #define PACKAGE_VERSION "2.1-0"
| #define PACKAGE_STRING "CUnit 2.1-0"
| #define PACKAGE_BUGREPORT ""
| #define PACKAGE "CUnit"
| #define VERSION "2.1-0"
| #define STDC_HEADERS 1
| #define HAVE_SYS_TYPES_H 1
| #define HAVE_SYS_STAT_H 1
| #define HAVE_STDLIB_H 1
| #define HAVE_STRING_H 1
| #define HAVE_MEMORY_H 1
| #define HAVE_STRINGS_H 1
| #define HAVE_INTTYPES_H 1
| #define HAVE_STDINT_H 1
| #define HAVE_UNISTD_H 1
| #define HAVE_DLFCN_H 1
| /* end confdefs.h.  */
| extern "C" void std::exit (int); using std::exit;
| #include <stdlib.h>
| int
| main ()
| {
| exit (42);
|   ;
|   return 0;
| }
configure:5050: g++ -c -g -O2  conftest.cc >&5
configure:5056: $? = 0
configure:5060: test -z 
			 || test ! -s conftest.err
configure:5063: $? = 0
configure:5066: test -s conftest.o
configure:5069: $? = 0
configure:5095: g++ -c -g -O2  conftest.cc >&5
configure:5101: $? = 0
configure:5105: test -z 
			 || test ! -s conftest.err
configure:5108: $? = 0
configure:5111: test -s conftest.o
configure:5114: $? = 0
configure:5139: checking dependency style of g++
configure:5229: result: gcc3
configure:5256: checking how to run the C++ preprocessor
configure:5287: g++ -E  conftest.cc
configure:5293: $? = 0
configure:5325: g++ -E  conftest.cc
conftest.cc:25:28: error: ac_nonexistent.h: No such file or directory
configure:5331: $? = 1
configure: failed program was:
| /* confdefs.h.  */
| 
| #define PACKAGE_NAME "CUnit"
| #define PACKAGE_TARNAME "cunit"
| #define PACKAGE_VERSION "2.1-0"
| #define PACKAGE_STRING "CUnit 2.1-0"
| #define PACKAGE_BUGREPORT ""
| #define PACKAGE "CUnit"
| #define VERSION "2.1-0"
| #define STDC_HEADERS 1
| #define HAVE_SYS_TYPES_H 1
| #define HAVE_SYS_STAT_H 1
| #define HAVE_STDLIB_H 1
| #define HAVE_STRING_H 1
| #define HAVE_MEMORY_H 1
| #define HAVE_STRINGS_H 1
| #define HAVE_INTTYPES_H 1
| #define HAVE_STDINT_H 1
| #define HAVE_UNISTD_H 1
| #define HAVE_DLFCN_H 1
| #ifdef __cplusplus
| extern "C" void exit (int) throw ();
| #endif
| /* end confdefs.h.  */
| #include <ac_nonexistent.h>
configure:5370: result: g++ -E
configure:5394: g++ -E  conftest.cc
configure:5400: $? = 0
configure:5432: g++ -E  conftest.cc
conftest.cc:25:28: error: ac_nonexistent.h: No such file or directory
configure:5438: $? = 1
configure: failed program was:
| /* confdefs.h.  */
| 
| #define PACKAGE_NAME "CUnit"
| #define PACKAGE_TARNAME "cunit"
| #define PACKAGE_VERSION "2.1-0"
| #define PACKAGE_STRING "CUnit 2.1-0"
| #define PACKAGE_BUGREPORT ""
| #define PACKAGE "CUnit"
| #define VERSION "2.1-0"
| #define STDC_HEADERS 1
| #define HAVE_SYS_TYPES_H 1
| #define HAVE_SYS_STAT_H 1
| #define HAVE_STDLIB_H 1
| #define HAVE_STRING_H 1
| #define HAVE_MEMORY_H 1
| #define HAVE_STRINGS_H 1
| #define HAVE_INTTYPES_H 1
| #define HAVE_STDINT_H 1
| #define HAVE_UNISTD_H 1
| #define HAVE_DLFCN_H 1
| #ifdef __cplusplus
| extern "C" void exit (int) throw ();
| #endif
| /* end confdefs.h.  */
| #include <ac_nonexistent.h>
configure:5535: checking for g77
configure:5564: result: no
configure:5535: checking for f77
configure:5564: result: no
configure:5535: checking for xlf
configure:5564: result: no
configure:5535: checking for frt
configure:5564: result: no
configure:5535: checking for pgf77
configure:5564: result: no
configure:5535: checking for fort77
configure:5564: result: no
configure:5535: checking for fl32
configure:5564: result: no
configure:5535: checking for af77
configure:5564: result: no
configure:5535: checking for f90
configure:5564: result: no
configure:5535: checking for xlf90
configure:5564: result: no
configure:5535: checking for pgf90
configure:5564: result: no
configure:5535: checking for epcf90
configure:5564: result: no
configure:5535: checking for f95
configure:5564: result: no
configure:5535: checking for fort
configure:5564: result: no
configure:5535: checking for xlf95
configure:5564: result: no
configure:5535: checking for ifc
configure:5564: result: no
configure:5535: checking for efc
configure:5564: result: no
configure:5535: checking for pgf95
configure:5564: result: no
configure:5535: checking for lf95
configure:5564: result: no
configure:5535: checking for gfortran
configure:5564: result: no
configure:5576: checking for Fortran 77 compiler version
configure:5579:  --version </dev/null >&5
./configure: line 5580: --version: command not found
configure:5582: $? = 127
configure:5584:  -v </dev/null >&5
./configure: line 5585: -v: command not found
configure:5587: $? = 127
configure:5589:  -V </dev/null >&5
./configure: line 5590: -V: command not found
configure:5592: $? = 127
configure:5600: checking whether we are using the GNU Fortran 77 compiler
configure:5614:  -c  conftest.F >&5
./configure: line 5615: -c: command not found
configure:5620: $? = 127
configure: failed program was:
|       program main
| #ifndef __GNUC__
|        choke me
| #endif
| 
|       end
configure:5646: result: no
configure:5652: checking whether  accepts -g
configure:5664:  -c -g conftest.f >&5
./configure: line 5665: -c: command not found
configure:5670: $? = 127
configure: failed program was:
|       program main
| 
|       end
configure:5695: result: no
configure:5725: checking the maximum length of command line arguments
configure:5817: result: 32768
configure:5828: checking command to parse /usr/bin/nm -B output from gcc object
configure:5924: gcc -c  -DRELEASE=@RELEASE@ -Wall -W -pedantic -Wshadow -ansi -I/mnt/work/trunk/deps/CUnit/CUnit/Headers  conftest.c >&5
configure:5927: $? = 0
configure:5931: /usr/bin/nm -B conftest.o \| sed -n -e 's/^.*[ 	]\([ABCDGIRSTW][ABCDGIRSTW]*\)[ 	][ 	]*\([_A-Za-z][_A-Za-z0-9]*\)$/\1 \2 \2/p' \> conftest.nm
configure:5934: $? = 0
configure:5986: gcc -o conftest  -DRELEASE=@RELEASE@ -Wall -W -pedantic -Wshadow -ansi -I/mnt/work/trunk/deps/CUnit/CUnit/Headers   -L/mnt/work/trunk/deps/CUnit/CUnit/Sources conftest.c conftstm.o >&5
configure:5989: $? = 0
configure:6027: result: ok
configure:6031: checking for objdir
configure:6046: result: .libs
configure:6136: checking for ar
configure:6152: found /usr/bin/ar
configure:6163: result: ar
configure:6216: checking for ranlib
configure:6232: found /usr/bin/ranlib
configure:6243: result: ranlib
configure:6296: checking for strip
configure:6312: found /usr/bin/strip
configure:6323: result: strip
configure:6610: checking if gcc static flag  works
configure:6638: result: yes
configure:6656: checking if gcc supports -fno-rtti -fno-exceptions
configure:6674: gcc -c  -DRELEASE=@RELEASE@ -Wall -W -pedantic -Wshadow -ansi -I/mnt/work/trunk/deps/CUnit/CUnit/Headers  -fno-rtti -fno-exceptions conftest.c >&5
cc1: warning: command line option "-fno-rtti" is valid for C++/ObjC++ but not for C
configure:6678: $? = 0
configure:6691: result: no
configure:6706: checking for gcc option to produce PIC
configure:6910: result: -fPIC
configure:6918: checking if gcc PIC flag -fPIC works
configure:6936: gcc -c  -DRELEASE=@RELEASE@ -Wall -W -pedantic -Wshadow -ansi -I/mnt/work/trunk/deps/CUnit/CUnit/Headers  -fPIC -DPIC conftest.c >&5
configure:6940: $? = 0
configure:6953: result: yes
configure:6977: checking if gcc supports -c -o file.o
configure:6998: gcc -c  -DRELEASE=@RELEASE@ -Wall -W -pedantic -Wshadow -ansi -I/mnt/work/trunk/deps/CUnit/CUnit/Headers  -o out/conftest2.o conftest.c >&5
configure:7002: $? = 0
configure:7024: result: yes
configure:7050: checking whether the gcc linker (/usr/bin/ld) supports shared libraries
configure:7946: result: yes
configure:7972: checking whether -lc should be explicitly linked in
configure:7977: gcc -c  -DRELEASE=@RELEASE@ -Wall -W -pedantic -Wshadow -ansi -I/mnt/work/trunk/deps/CUnit/CUnit/Headers  conftest.c >&5
configure:7980: $? = 0
configure:7994: gcc -shared conftest.o  -v -Wl,-soname -Wl,conftest -o conftest 2\>\&1 \| grep  -lc  \>/dev/null 2\>\&1
configure:7997: $? = 0
configure:8009: result: no
configure:8017: checking dynamic linker characteristics
configure:8571: result: GNU/Linux ld.so
configure:8575: checking how to hardcode library paths into programs
configure:8600: result: immediate
configure:8614: checking whether stripping libraries is possible
configure:8619: result: yes
configure:9449: checking if libtool supports shared libraries
configure:9451: result: yes
configure:9454: checking whether to build shared libraries
configure:9475: result: yes
configure:9478: checking whether to build static libraries
configure:9482: result: yes
configure:9574: creating libtool
configure:10152: checking for ld used by g++
configure:10219: result: /usr/bin/ld
configure:10228: checking if the linker (/usr/bin/ld) is GNU ld
configure:10243: result: yes
configure:10294: checking whether the g++ linker (/usr/bin/ld) supports shared libraries
configure:11174: result: yes
configure:11192: g++ -c -g -O2  conftest.cpp >&5
configure:11195: $? = 0
configure:11305: checking for g++ option to produce PIC
configure:11573: result: -fPIC
configure:11581: checking if g++ PIC flag -fPIC works
configure:11599: g++ -c -g -O2  -fPIC -DPIC conftest.cpp >&5
configure:11603: $? = 0
configure:11616: result: yes
configure:11640: checking if g++ supports -c -o file.o
configure:11661: g++ -c -g -O2  -o out/conftest2.o conftest.cpp >&5
configure:11665: $? = 0
configure:11687: result: yes
configure:11713: checking whether the g++ linker (/usr/bin/ld) supports shared libraries
configure:11738: result: yes
configure:11809: checking dynamic linker characteristics
configure:12363: result: GNU/Linux ld.so
configure:12367: checking how to hardcode library paths into programs
configure:12392: result: immediate
configure:12406: checking whether stripping libraries is possible
configure:12411: result: yes
configure:19935: checking for main in -lc
configure:19959: gcc -o conftest  -DRELEASE=@RELEASE@ -Wall -W -pedantic -Wshadow -ansi -I/mnt/work/trunk/deps/CUnit/CUnit/Headers   -L/mnt/work/trunk/deps/CUnit/CUnit/Sources conftest.c -lc   >&5
configure:19965: $? = 0
configure:19969: test -z 
			 || test ! -s conftest.err
configure:19972: $? = 0
configure:19975: test -s conftest
configure:19978: $? = 0
configure:19991: result: yes
configure:20165: checking for malloc
configure:20222: gcc -o conftest  -DRELEASE=@RELEASE@ -Wall -W -pedantic -Wshadow -ansi -I/mnt/work/trunk/deps/CUnit/CUnit/Headers   -L/mnt/work/trunk/deps/CUnit/CUnit/Sources conftest.c -lc  >&5
conftest.c:50: warning: conflicting types for built-in function 'malloc'
configure:20228: $? = 0
configure:20232: test -z 
			 || test ! -s conftest.err
configure:20235: $? = 0
configure:20238: test -s conftest
configure:20241: $? = 0
configure:20253: result: yes
configure:20261: checking for free
configure:20318: gcc -o conftest  -DRELEASE=@RELEASE@ -Wall -W -pedantic -Wshadow -ansi -I/mnt/work/trunk/deps/CUnit/CUnit/Headers   -L/mnt/work/trunk/deps/CUnit/CUnit/Sources conftest.c -lc  >&5
configure:20324: $? = 0
configure:20328: test -z 
			 || test ! -s conftest.err
configure:20331: $? = 0
configure:20334: test -s conftest
configure:20337: $? = 0
configure:20349: result: yes
configure:20357: checking for calloc
configure:20414: gcc -o conftest  -DRELEASE=@RELEASE@ -Wall -W -pedantic -Wshadow -ansi -I/mnt/work/trunk/deps/CUnit/CUnit/Headers   -L/mnt/work/trunk/deps/CUnit/CUnit/Sources conftest.c -lc  >&5
conftest.c:50: warning: conflicting types for built-in function 'calloc'
configure:20420: $? = 0
configure:20424: test -z 
			 || test ! -s conftest.err
configure:20427: $? = 0
configure:20430: test -s conftest
configure:20433: $? = 0
configure:20445: result: yes
configure:20453: checking for realloc
configure:20510: gcc -o conftest  -DRELEASE=@RELEASE@ -Wall -W -pedantic -Wshadow -ansi -I/mnt/work/trunk/deps/CUnit/CUnit/Headers   -L/mnt/work/trunk/deps/CUnit/CUnit/Sources conftest.c -lc  >&5
configure:20516: $? = 0
configure:20520: test -z 
			 || test ! -s conftest.err
configure:20523: $? = 0
configure:20526: test -s conftest
configure:20529: $? = 0
configure:20541: result: yes
configure:20550: checking for strcpy
configure:20607: gcc -o conftest  -DRELEASE=@RELEASE@ -Wall -W -pedantic -Wshadow -ansi -I/mnt/work/trunk/deps/CUnit/CUnit/Headers   -L/mnt/work/trunk/deps/CUnit/CUnit/Sources conftest.c -lc  >&5
conftest.c:50: warning: conflicting types for built-in function 'strcpy'
configure:20613: $? = 0
configure:20617: test -z 
			 || test ! -s conftest.err
configure:20620: $? = 0
configure:20623: test -s conftest
configure:20626: $? = 0
configure:20638: result: yes
configure:20646: checking for strerror
configure:20703: gcc -o conftest  -DRELEASE=@RELEASE@ -Wall -W -pedantic -Wshadow -ansi -I/mnt/work/trunk/deps/CUnit/CUnit/Headers   -L/mnt/work/trunk/deps/CUnit/CUnit/Sources conftest.c -lc  >&5
configure:20709: $? = 0
configure:20713: test -z 
			 || test ! -s conftest.err
configure:20716: $? = 0
configure:20719: test -s conftest
configure:20722: $? = 0
configure:20734: result: yes
configure:20743: checking for fopen
configure:20800: gcc -o conftest  -DRELEASE=@RELEASE@ -Wall -W -pedantic -Wshadow -ansi -I/mnt/work/trunk/deps/CUnit/CUnit/Headers   -L/mnt/work/trunk/deps/CUnit/CUnit/Sources conftest.c -lc  >&5
configure:20806: $? = 0
configure:20810: test -z 
			 || test ! -s conftest.err
configure:20813: $? = 0
configure:20816: test -s conftest
configure:20819: $? = 0
configure:20831: result: yes
configure:20839: checking for fclose
configure:20896: gcc -o conftest  -DRELEASE=@RELEASE@ -Wall -W -pedantic -Wshadow -ansi -I/mnt/work/trunk/deps/CUnit/CUnit/Headers   -L/mnt/work/trunk/deps/CUnit/CUnit/Sources conftest.c -lc  >&5
configure:20902: $? = 0
configure:20906: test -z 
			 || test ! -s conftest.err
configure:20909: $? = 0
configure:20912: test -s conftest
configure:20915: $? = 0
configure:20927: result: yes
configure:20935: checking for fprintf
configure:20992: gcc -o conftest  -DRELEASE=@RELEASE@ -Wall -W -pedantic -Wshadow -ansi -I/mnt/work/trunk/deps/CUnit/CUnit/Headers   -L/mnt/work/trunk/deps/CUnit/CUnit/Sources conftest.c -lc  >&5
conftest.c:50: warning: conflicting types for built-in function 'fprintf'
configure:20998: $? = 0
configure:21002: test -z 
			 || test ! -s conftest.err
configure:21005: $? = 0
configure:21008: test -s conftest
configure:21011: $? = 0
configure:21023: result: yes
configure:21031: checking for setvbuf
configure:21088: gcc -o conftest  -DRELEASE=@RELEASE@ -Wall -W -pedantic -Wshadow -ansi -I/mnt/work/trunk/deps/CUnit/CUnit/Headers   -L/mnt/work/trunk/deps/CUnit/CUnit/Sources conftest.c -lc  >&5
configure:21094: $? = 0
configure:21098: test -z 
			 || test ! -s conftest.err
configure:21101: $? = 0
configure:21104: test -s conftest
configure:21107: $? = 0
configure:21119: result: yes
configure:21128: checking for time
configure:21185: gcc -o conftest  -DRELEASE=@RELEASE@ -Wall -W -pedantic -Wshadow -ansi -I/mnt/work/trunk/deps/CUnit/CUnit/Headers   -L/mnt/work/trunk/deps/CUnit/CUnit/Sources conftest.c -lc  >&5
configure:21191: $? = 0
configure:21195: test -z 
			 || test ! -s conftest.err
configure:21198: $? = 0
configure:21201: test -s conftest
configure:21204: $? = 0
configure:21216: result: yes
configure:21224: checking for ctime
configure:21281: gcc -o conftest  -DRELEASE=@RELEASE@ -Wall -W -pedantic -Wshadow -ansi -I/mnt/work/trunk/deps/CUnit/CUnit/Headers   -L/mnt/work/trunk/deps/CUnit/CUnit/Sources conftest.c -lc  >&5
configure:21287: $? = 0
configure:21291: test -z 
			 || test ! -s conftest.err
configure:21294: $? = 0
configure:21297: test -s conftest
configure:21300: $? = 0
configure:21312: result: yes
configure:21321: checking for ANSI C header files
configure:21477: result: yes
configure:21501: checking assert.h usability
configure:21513: gcc -c  -DRELEASE=@RELEASE@ -Wall -W -pedantic -Wshadow -ansi -I/mnt/work/trunk/deps/CUnit/CUnit/Headers  conftest.c >&5
configure:21519: $? = 0
configure:21523: test -z 
			 || test ! -s conftest.err
configure:21526: $? = 0
configure:21529: test -s conftest.o
configure:21532: $? = 0
configure:21542: result: yes
configure:21546: checking assert.h presence
configure:21556: gcc -E  conftest.c
configure:21562: $? = 0
configure:21582: result: yes
configure:21617: checking for assert.h
configure:21624: result: yes
configure:21651: checking ctype.h usability
configure:21663: gcc -c  -DRELEASE=@RELEASE@ -Wall -W -pedantic -Wshadow -ansi -I/mnt/work/trunk/deps/CUnit/CUnit/Headers  conftest.c >&5
configure:21669: $? = 0
configure:21673: test -z 
			 || test ! -s conftest.err
configure:21676: $? = 0
configure:21679: test -s conftest.o
configure:21682: $? = 0
configure:21692: result: yes
configure:21696: checking ctype.h presence
configure:21706: gcc -E  conftest.c
configure:21712: $? = 0
configure:21732: result: yes
configure:21767: checking for ctype.h
configure:21774: result: yes
configure:21801: checking math.h usability
configure:21813: gcc -c  -DRELEASE=@RELEASE@ -Wall -W -pedantic -Wshadow -ansi -I/mnt/work/trunk/deps/CUnit/CUnit/Headers  conftest.c >&5
configure:21819: $? = 0
configure:21823: test -z 
			 || test ! -s conftest.err
configure:21826: $? = 0
configure:21829: test -s conftest.o
configure:21832: $? = 0
configure:21842: result: yes
configure:21846: checking math.h presence
configure:21856: gcc -E  conftest.c
configure:21862: $? = 0
configure:21882: result: yes
configure:21917: checking for math.h
configure:21924: result: yes
configure:21951: checking file.h usability
configure:21963: gcc -c  -DRELEASE=@RELEASE@ -Wall -W -pedantic -Wshadow -ansi -I/mnt/work/trunk/deps/CUnit/CUnit/Headers  conftest.c >&5
conftest.c:64:18: error: file.h: No such file or directory
configure:21969: $? = 1
configure: failed program was:
| /* confdefs.h.  */
| 
| #define PACKAGE_NAME "CUnit"
| #define PACKAGE_TARNAME "cunit"
| #define PACKAGE_VERSION "2.1-0"
| #define PACKAGE_STRING "CUnit 2.1-0"
| #define PACKAGE_BUGREPORT ""
| #define PACKAGE "CUnit"
| #define VERSION "2.1-0"
| #define STDC_HEADERS 1
| #define HAVE_SYS_TYPES_H 1
| #define HAVE_SYS_STAT_H 1
| #define HAVE_STDLIB_H 1
| #define HAVE_STRING_H 1
| #define HAVE_MEMORY_H 1
| #define HAVE_STRINGS_H 1
| #define HAVE_INTTYPES_H 1
| #define HAVE_STDINT_H 1
| #define HAVE_UNISTD_H 1
| #define HAVE_DLFCN_H 1
| #ifdef __cplusplus
| extern "C" void exit (int) throw ();
| #endif
| #define HAVE_LIBC 1
| #define STDC_HEADERS 1
| #define HAVE_ASSERT_H 1
| #define HAVE_CTYPE_H 1
| #define HAVE_MATH_H 1
| /* end confdefs.h.  */
| #include <stdio.h>
| #if HAVE_SYS_TYPES_H
| # include <sys/types.h>
| #endif
| #if HAVE_SYS_STAT_H
| # include <sys/stat.h>
| #endif
| #if STDC_HEADERS
| # include <stdlib.h>
| # include <stddef.h>
| #else
| # if HAVE_STDLIB_H
| #  include <stdlib.h>
| # endif
| #endif
| #if HAVE_STRING_H
| # if !STDC_HEADERS && HAVE_MEMORY_H
| #  include <memory.h>
| # endif
| # include <string.h>
| #endif
| #if HAVE_STRINGS_H
| # include <strings.h>
| #endif
| #if HAVE_INTTYPES_H
| # include <inttypes.h>
| #else
| # if HAVE_STDINT_H
| #  include <stdint.h>
| # endif
| #endif
| #if HAVE_UNISTD_H
| # include <unistd.h>
| #endif
| #include <file.h>
configure:21992: result: no
configure:21996: checking file.h presence
configure:22006: gcc -E  conftest.c
conftest.c:30:18: error: file.h: No such file or directory
configure:22012: $? = 1
configure: failed program was:
| /* confdefs.h.  */
| 
| #define PACKAGE_NAME "CUnit"
| #define PACKAGE_TARNAME "cunit"
| #define PACKAGE_VERSION "2.1-0"
| #define PACKAGE_STRING "CUnit 2.1-0"
| #define PACKAGE_BUGREPORT ""
| #define PACKAGE "CUnit"
| #define VERSION "2.1-0"
| #define STDC_HEADERS 1
| #define HAVE_SYS_TYPES_H 1
| #define HAVE_SYS_STAT_H 1
| #define HAVE_STDLIB_H 1
| #define HAVE_STRING_H 1
| #define HAVE_MEMORY_H 1
| #define HAVE_STRINGS_H 1
| #define HAVE_INTTYPES_H 1
| #define HAVE_STDINT_H 1
| #define HAVE_UNISTD_H 1
| #define HAVE_DLFCN_H 1
| #ifdef __cplusplus
| extern "C" void exit (int) throw ();
| #endif
| #define HAVE_LIBC 1
| #define STDC_HEADERS 1
| #define HAVE_ASSERT_H 1
| #define HAVE_CTYPE_H 1
| #define HAVE_MATH_H 1
| /* end confdefs.h.  */
| #include <file.h>
configure:22032: result: no
configure:22067: checking for file.h
configure:22074: result: no
configure:22101: checking stdio.h usability
configure:22113: gcc -c  -DRELEASE=@RELEASE@ -Wall -W -pedantic -Wshadow -ansi -I/mnt/work/trunk/deps/CUnit/CUnit/Headers  conftest.c >&5
configure:22119: $? = 0
configure:22123: test -z 
			 || test ! -s conftest.err
configure:22126: $? = 0
configure:22129: test -s conftest.o
configure:22132: $? = 0
configure:22142: result: yes
configure:22146: checking stdio.h presence
configure:22156: gcc -E  conftest.c
configure:22162: $? = 0
configure:22182: result: yes
configure:22217: checking for stdio.h
configure:22224: result: yes
configure:22242: checking for stdlib.h
configure:22247: result: yes
configure:22392: checking for string.h
configure:22397: result: yes
configure:22541: checking for an ANSI C-conforming const
configure:22608: gcc -c  -DRELEASE=@RELEASE@ -Wall -W -pedantic -Wshadow -ansi -I/mnt/work/trunk/deps/CUnit/CUnit/Headers  conftest.c >&5
conftest.c: In function 'main':
conftest.c:60: warning: unused variable 's'
conftest.c:65: warning: declaration of 'x' shadows a previous local
conftest.c:41: warning: shadowed declaration is here
conftest.c:71: warning: declaration of 'p' shadows a previous local
conftest.c:44: warning: shadowed declaration is here
conftest.c:80: warning: unused variable 'foo'
conftest.c:47: warning: unused variable 'zero'
conftest.c:41: warning: unused variable 'x'
configure:22614: $? = 0
configure:22618: test -z 
			 || test ! -s conftest.err
configure:22621: $? = 0
configure:22624: test -s conftest.o
configure:22627: $? = 0
configure:22638: result: yes
configure:22841: creating ./config.status

## ---------------------- ##
## Running config.status. ##
## ---------------------- ##

This file was extended by CUnit config.status 2.1-0, which was
generated by GNU Autoconf 2.59.  Invocation command line was

  CONFIG_FILES    = 
  CONFIG_HEADERS  = 
  CONFIG_LINKS    = 
  CONFIG_COMMANDS = 
  $ ./config.status 

on xlp

config.status:766: creating Jamrules
config.status:766: creating Makefile
config.status:766: creating CUnit.spec
config.status:766: creating CUnit/Makefile
config.status:766: creating CUnit/Headers/Makefile
config.status:766: creating CUnit/Headers/CUnit.h
config.status:766: creating CUnit/Sources/Makefile
config.status:766: creating CUnit/Sources/Framework/Makefile
config.status:766: creating CUnit/Sources/Automated/Makefile
config.status:766: creating CUnit/Sources/Basic/Makefile
config.status:766: creating CUnit/Sources/Console/Makefile
config.status:766: creating CUnit/Sources/Curses/Makefile
config.status:766: creating CUnit/Sources/Test/Makefile
config.status:766: creating doc/Makefile
config.status:766: creating doc/headers/Makefile
config.status:766: creating Examples/Makefile
config.status:766: creating Examples/AutomatedTest/Makefile
config.status:766: creating Examples/BasicTest/Makefile
config.status:766: creating Examples/ConsoleTest/Makefile
config.status:766: creating Examples/CursesTest/Makefile
config.status:766: creating Man/Makefile
config.status:766: creating Man/man3/Makefile
config.status:766: creating Share/Makefile
config.status:870: creating config.h
config.status:994: config.h is unchanged
config.status:1174: executing depfiles commands

## ---------------- ##
## Cache variables. ##
## ---------------- ##

ac_cv_build=i686-pc-linux-gnu
ac_cv_build_alias=i686-pc-linux-gnu
ac_cv_c_compiler_gnu=yes
ac_cv_c_const=yes
ac_cv_cxx_compiler_gnu=yes
ac_cv_env_CC_set=
ac_cv_env_CC_value=
ac_cv_env_CFLAGS_set=
ac_cv_env_CFLAGS_value=
ac_cv_env_CPPFLAGS_set=
ac_cv_env_CPPFLAGS_value=
ac_cv_env_CPP_set=
ac_cv_env_CPP_value=
ac_cv_env_CXXCPP_set=
ac_cv_env_CXXCPP_value=
ac_cv_env_CXXFLAGS_set=
ac_cv_env_CXXFLAGS_value=
ac_cv_env_CXX_set=
ac_cv_env_CXX_value=
ac_cv_env_F77_set=
ac_cv_env_F77_value=
ac_cv_env_FFLAGS_set=
ac_cv_env_FFLAGS_value=
ac_cv_env_LDFLAGS_set=
ac_cv_env_LDFLAGS_value=
ac_cv_env_build_alias_set=
ac_cv_env_build_alias_value=
ac_cv_env_host_alias_set=
ac_cv_env_host_alias_value=
ac_cv_env_target_alias_set=
ac_cv_env_target_alias_value=
ac_cv_exeext=
ac_cv_f77_compiler_gnu=no
ac_cv_func_calloc=yes
ac_cv_func_ctime=yes
ac_cv_func_fclose=yes
ac_cv_func_fopen=yes
ac_cv_func_fprintf=yes
ac_cv_func_free=yes
ac_cv_func_malloc=yes
ac_cv_func_realloc=yes
ac_cv_func_setvbuf=yes
ac_cv_func_strcpy=yes
ac_cv_func_strerror=yes
ac_cv_func_time=yes
ac_cv_header_assert_h=yes
ac_cv_header_ctype_h=yes
ac_cv_header_dlfcn_h=yes
ac_cv_header_file_h=no
ac_cv_header_inttypes_h=yes
ac_cv_header_math_h=yes
ac_cv_header_memory_h=yes
ac_cv_header_stdc=yes
ac_cv_header_stdint_h=yes
ac_cv_header_stdio_h=yes
ac_cv_header_stdlib_h=yes
ac_cv_header_string_h=yes
ac_cv_header_strings_h=yes
ac_cv_header_sys_stat_h=yes
ac_cv_header_sys_types_h=yes
ac_cv_header_unistd_h=yes
ac_cv_host=i686-pc-linux-gnu
ac_cv_host_alias=i686-pc-linux-gnu
ac_cv_lib_c_main=yes
ac_cv_objext=o
ac_cv_path_install='/usr/bin/install -c'
ac_cv_prog_AWK=gawk
ac_cv_prog_CPP='gcc -E'
ac_cv_prog_CXXCPP='g++ -E'
ac_cv_prog_ac_ct_AR=ar
ac_cv_prog_ac_ct_CC=gcc
ac_cv_prog_ac_ct_CXX=g++
ac_cv_prog_ac_ct_RANLIB=ranlib
ac_cv_prog_ac_ct_STRIP=strip
ac_cv_prog_cc_g=yes
ac_cv_prog_cc_stdc=
ac_cv_prog_cxx_g=yes
ac_cv_prog_egrep='grep -E'
ac_cv_prog_f77_g=no
ac_cv_prog_make_make_set=yes
am_cv_CC_dependencies_compiler_type=gcc3
am_cv_CXX_dependencies_compiler_type=gcc3
lt_cv_deplibs_check_method=pass_all
lt_cv_file_magic_cmd='$MAGIC_CMD'
lt_cv_file_magic_test_file=
lt_cv_ld_reload_flag=-r
lt_cv_objdir=.libs
lt_cv_path_LD=/usr/bin/ld
lt_cv_path_LDCXX=/usr/bin/ld
lt_cv_path_NM='/usr/bin/nm -B'
lt_cv_path_SED=/bin/sed
lt_cv_prog_compiler_c_o=yes
lt_cv_prog_compiler_c_o_CXX=yes
lt_cv_prog_compiler_rtti_exceptions=no
lt_cv_prog_gnu_ld=yes
lt_cv_prog_gnu_ldcxx=yes
lt_cv_sys_global_symbol_pipe='sed -n -e '\''s/^.*[ 	]\([ABCDGIRSTW][ABCDGIRSTW]*\)[ 	][ 	]*\([_A-Za-z][_A-Za-z0-9]*\)$/\1 \2 \2/p'\'''
lt_cv_sys_global_symbol_to_c_name_address='sed -n -e '\''s/^: \([^ ]*\) $/  {\"\1\", (lt_ptr) 0},/p'\'' -e '\''s/^[BCDEGRST] \([^ ]*\) \([^ ]*\)$/  {"\2", (lt_ptr) \&\2},/p'\'''
lt_cv_sys_global_symbol_to_cdecl='sed -n -e '\''s/^. .* \(.*\)$/extern int \1;/p'\'''
lt_cv_sys_max_cmd_len=32768
lt_lt_cv_prog_compiler_c_o='"yes"'
lt_lt_cv_prog_compiler_c_o_CXX='"yes"'
lt_lt_cv_sys_global_symbol_pipe='"sed -n -e '\''s/^.*[ 	]\\([ABCDGIRSTW][ABCDGIRSTW]*\\)[ 	][ 	]*\\([_A-Za-z][_A-Za-z0-9]*\\)\$/\\1 \\2 \\2/p'\''"'
lt_lt_cv_sys_global_symbol_to_c_name_address='"sed -n -e '\''s/^: \\([^ ]*\\) \$/  {\\\"\\1\\\", (lt_ptr) 0},/p'\'' -e '\''s/^[BCDEGRST] \\([^ ]*\\) \\([^ ]*\\)\$/  {\"\\2\", (lt_ptr) \\&\\2},/p'\''"'
lt_lt_cv_sys_global_symbol_to_cdecl='"sed -n -e '\''s/^. .* \\(.*\\)\$/extern int \\1;/p'\''"'

## ----------------- ##
## Output variables. ##
## ----------------- ##

ACLOCAL='aclocal-1.9'
AMDEPBACKSLASH='\'
AMDEP_FALSE='#'
AMDEP_TRUE=''
AMTAR='tar'
AR='ar'
AUTOCONF='autoconf'
AUTOHEADER='autoheader'
AUTOMAKE='automake-1.9'
AWK='gawk'
BUILD_AUTOMATED='TRUE'
BUILD_BASIC='TRUE'
BUILD_CONSOLE='TRUE'
BUILD_CURSES='FALSE'
BUILD_EXAMPLES='FALSE'
BUILD_TEST='FALSE'
CC='gcc'
CCDEPMODE='depmode=gcc3'
CFLAGS=' -DRELEASE=@RELEASE@ -Wall -W -pedantic -Wshadow -ansi -I/mnt/work/trunk/deps/CUnit/CUnit/Headers'
CPP='gcc -E'
CPPFLAGS=''
CURSES_LIB=''
CXX='g++'
CXXCPP='g++ -E'
CXXDEPMODE='depmode=gcc3'
CXXFLAGS='-g -O2'
CYGPATH_W='echo'
DEFS='-DHAVE_CONFIG_H'
DEPDIR='.deps'
ECHO='echo'
ECHO_C=''
ECHO_N='-n'
ECHO_T=''
EGREP='grep -E'
ENABLE_AUTOMATED_FALSE='#'
ENABLE_AUTOMATED_TRUE=''
ENABLE_BASIC_FALSE='#'
ENABLE_BASIC_TRUE=''
ENABLE_CONSOLE_FALSE='#'
ENABLE_CONSOLE_TRUE=''
ENABLE_CURSES_FALSE=''
ENABLE_CURSES_TRUE='#'
ENABLE_DEBUG='FALSE'
ENABLE_DEPRECATED='FALSE'
ENABLE_EXAMPLES_FALSE=''
ENABLE_EXAMPLES_TRUE='#'
ENABLE_MEMTRACE='FALSE'
ENABLE_TEST_FALSE=''
ENABLE_TEST_TRUE='#'
EXEEXT=''
F77=''
FFLAGS=''
INSTALL_DATA='${INSTALL} -m 644'
INSTALL_PROGRAM='${INSTALL}'
INSTALL_SCRIPT='${INSTALL}'
INSTALL_STRIP_PROGRAM='${SHELL} $(install_sh) -c -s'
LDFLAGS=' -L/mnt/work/trunk/deps/CUnit/CUnit/Sources'
LIBOBJS=''
LIBS='-lc '
LIBTOOL='$(SHELL) $(top_builddir)/libtool'
LIBTOOL_AGE='0'
LIBTOOL_CURRENT='1'
LIBTOOL_REVISION='1'
LIBTOOL_SUFFIX1='1'
LIBTOOL_SUFFIX='1.0.1'
LN_S='ln -s'
LTLIBOBJS=''
MAKEINFO='makeinfo'
OBJEXT='o'
PACKAGE='CUnit'
PACKAGE_BUGREPORT=''
PACKAGE_NAME='CUnit'
PACKAGE_STRING='CUnit 2.1-0'
PACKAGE_TARNAME='cunit'
PACKAGE_VERSION='2.1-0'
PATH_SEPARATOR=':'
RANLIB='ranlib'
RELEASE='0'
SET_MAKE=''
SHELL='/bin/bash'
STRIP='strip'
VERSION='2.1'
VERSION_MAJOR='2'
VERSION_MINOR='1'
ac_ct_AR='ar'
ac_ct_CC='gcc'
ac_ct_CXX='g++'
ac_ct_F77=''
ac_ct_RANLIB='ranlib'
ac_ct_STRIP='strip'
am__fastdepCC_FALSE='#'
am__fastdepCC_TRUE=''
am__fastdepCXX_FALSE='#'
am__fastdepCXX_TRUE=''
am__include='include'
am__leading_dot='.'
am__quote=''
am__tar='${AMTAR} chof - "$$tardir"'
am__untar='${AMTAR} xf -'
bindir='${exec_prefix}/bin'
build='i686-pc-linux-gnu'
build_alias=''
build_cpu='i686'
build_os='linux-gnu'
build_vendor='pc'
datadir='${prefix}/share'
exec_prefix='${prefix}'
host='i686-pc-linux-gnu'
host_alias=''
host_cpu='i686'
host_os='linux-gnu'
host_vendor='pc'
includedir='${prefix}/include'
infodir='${prefix}/info'
install_sh='/mnt/work/trunk/deps/CUnit/install-sh'
libdir='${exec_prefix}/lib'
libexecdir='${exec_prefix}/libexec'
localstatedir='${prefix}/var'
mandir='${prefix}/man'
mkdir_p='mkdir -p --'
oldincludedir='/usr/include'
prefix='/usr/local'
program_transform_name='s,x,x,'
sbindir='${exec_prefix}/sbin'
sharedstatedir='${prefix}/com'
sysconfdir='${prefix}/etc'
target_alias=''

## ----------- ##
## confdefs.h. ##
## ----------- ##

#define HAVE_ASSERT_H 1
#define HAVE_CTYPE_H 1
#define HAVE_DLFCN_H 1
#define HAVE_INTTYPES_H 1
#define HAVE_LIBC 1
#define HAVE_MATH_H 1
#define HAVE_MEMORY_H 1
#define HAVE_STDINT_H 1
#define HAVE_STDIO_H 1
#define HAVE_STDLIB_H 1
#define HAVE_STDLIB_H 1
#define HAVE_STRINGS_H 1
#define HAVE_STRING_H 1
#define HAVE_STRING_H 1
#define HAVE_SYS_STAT_H 1
#define HAVE_SYS_TYPES_H 1
#define HAVE_UNISTD_H 1
#define PACKAGE "CUnit"
#define PACKAGE_BUGREPORT ""
#define PACKAGE_NAME "CUnit"
#define PACKAGE_STRING "CUnit 2.1-0"
#define PACKAGE_TARNAME "cunit"
#define PACKAGE_VERSION "2.1-0"
#define STDC_HEADERS 1
#define STDC_HEADERS 1
#define VERSION "2.1-0"
#endif
#ifdef __cplusplus
extern "C" void exit (int) throw ();

configure: exit 0
